<?xml version="1.0" encoding="UTF-8"?>
<!-- Generated by org.testng.reporters.JUnitXMLReporter -->
<testsuite ignored="1" hostname="DESKTOP-DFP1P8F" failures="0" tests="1" name="asetup enviornment" time="4.838" errors="0" timestamp="2023-02-26T14:50:25 IST">
  <testcase classname="com.tng.Tests.SettingUpEnviornment" name="launchFbApp" time="4.79"/>
  <testcase classname="com.tng.Tests.SettingUpEnviornment" name="launchGoogleApp" time="0.0">
    <ignored/>
  </testcase> <!-- launchGoogleApp -->
</testsuite> <!-- asetup enviornment -->
