<?xml version="1.0" encoding="UTF-8"?>
<!-- Generated by org.testng.reporters.JUnitXMLReporter -->
<testsuite ignored="1" hostname="DESKTOP-DFP1P8F" failures="1" tests="3" name="loginfunctionalitytest" time="9.463" errors="0" timestamp="2023-02-26T15:51:39 IST">
  <testcase classname="com.tng.AssertionDemo.FaceboolLoginTestWithAssertion" name="launchFbApp" time="5.257"/>
  <testcase classname="com.tng.AssertionDemo.FaceboolLoginTestWithAssertion" name="testFacebookLogin" time="4.07">
    <failure type="java.lang.AssertionError" message="expected [null] but found [Facebook – log in or sign up]">
      <![CDATA[java.lang.AssertionError: expected [null] but found [Facebook – log in or sign up]
at com.tng.AssertionDemo.FaceboolLoginTestWithAssertion.testFacebookLogin(FaceboolLoginTestWithAssertion.java:38)
at java.base/java.util.ArrayList.forEach(ArrayList.java:1511)
... Removed 29 stack frames]]>
    </failure>
  </testcase> <!-- testFacebookLogin -->
  <testcase classname="com.tng.AssertionDemo.FaceboolLoginTestWithAssertion" name="warningPopUp" time="0.072"/>
  <testcase classname="com.tng.AssertionDemo.FaceboolLoginTestWithAssertion" name="launchGoogleApp" time="0.0">
    <ignored/>
  </testcase> <!-- launchGoogleApp -->
</testsuite> <!-- loginfunctionalitytest -->
