<?xml version="1.0" encoding="UTF-8"?>
<!-- Generated by org.testng.reporters.JUnitXMLReporter -->
<testsuite ignored="1" hostname="DESKTOP-DFP1P8F" failures="0" tests="1" name="setup enviornment" time="4.84" errors="0" timestamp="2023-02-26T14:48:43 IST">
  <testcase classname="com.tng.Tests.SettingUpEnviornment" name="launchFbApp" time="4.798"/>
  <testcase classname="com.tng.Tests.SettingUpEnviornment" name="launchGoogleApp" time="0.0">
    <ignored/>
  </testcase> <!-- launchGoogleApp -->
</testsuite> <!-- setup enviornment -->
