<?xml version="1.0" encoding="UTF-8"?>
<!-- Generated by org.testng.reporters.JUnitXMLReporter -->
<testsuite ignored="0" hostname="DESKTOP-DFP1P8F" failures="0" tests="4" name="TestAnnotations" time="0.091" errors="0" timestamp="2023-03-01T21:43:36 IST">
  <testcase classname="annotationtest.AnnotationTest1" name="fun1" time="0.01"/>
  <testcase classname="annotationtest.AnnotationTest1" name="fun2" time="0.003"/>
  <testcase classname="annotationtest.AnnotationTest2" name="fun3" time="0.001"/>
  <testcase classname="annotationtest.AnnotationTest2" name="fun4" time="0.002"/>
</testsuite> <!-- TestAnnotations -->
