<?xml version="1.0" encoding="UTF-8"?>
<testng-results ignored="0" total="4" passed="4" failed="0" skipped="0">
  <reporter-output>
  </reporter-output>
  <suite started-at="2023-03-01T21:43:36 IST" name="Suite" finished-at="2023-03-01T21:43:36 IST" duration-ms="91">
    <groups>
    </groups>
    <test started-at="2023-03-01T21:43:36 IST" name="TestAnnotations" finished-at="2023-03-01T21:43:36 IST" duration-ms="91">
      <class name="annotationtest.AnnotationTest2">
        <test-method is-config="true" signature="beforeTest()[pri:0, instance:annotationtest.AnnotationTest2@313ac989]" started-at="2023-03-01T21:43:36 IST" name="beforeTest" finished-at="2023-03-01T21:43:36 IST" duration-ms="1" status="PASS">
          <reporter-output>
          </reporter-output>
        </test-method> <!-- beforeTest -->
        <test-method signature="fun3()[pri:0, instance:annotationtest.AnnotationTest2@313ac989]" started-at="2023-03-01T21:43:36 IST" name="fun3" finished-at="2023-03-01T21:43:36 IST" duration-ms="1" status="PASS">
          <reporter-output>
          </reporter-output>
        </test-method> <!-- fun3 -->
        <test-method signature="fun4()[pri:0, instance:annotationtest.AnnotationTest2@313ac989]" started-at="2023-03-01T21:43:36 IST" name="fun4" finished-at="2023-03-01T21:43:36 IST" duration-ms="2" status="PASS">
          <reporter-output>
          </reporter-output>
        </test-method> <!-- fun4 -->
        <test-method is-config="true" signature="afterTest()[pri:0, instance:annotationtest.AnnotationTest2@313ac989]" started-at="2023-03-01T21:43:36 IST" name="afterTest" finished-at="2023-03-01T21:43:36 IST" duration-ms="1" status="PASS">
          <reporter-output>
          </reporter-output>
        </test-method> <!-- afterTest -->
      </class> <!-- annotationtest.AnnotationTest2 -->
      <class name="annotationtest.AnnotationTest1">
        <test-method is-config="true" signature="beforeTest()[pri:0, instance:annotationtest.AnnotationTest1@49e53c76]" started-at="2023-03-01T21:43:36 IST" name="beforeTest" finished-at="2023-03-01T21:43:36 IST" duration-ms="12" status="PASS">
          <reporter-output>
          </reporter-output>
        </test-method> <!-- beforeTest -->
        <test-method signature="fun1()[pri:0, instance:annotationtest.AnnotationTest1@49e53c76]" started-at="2023-03-01T21:43:36 IST" name="fun1" finished-at="2023-03-01T21:43:36 IST" duration-ms="10" status="PASS">
          <reporter-output>
          </reporter-output>
        </test-method> <!-- fun1 -->
        <test-method signature="fun2()[pri:0, instance:annotationtest.AnnotationTest1@49e53c76]" started-at="2023-03-01T21:43:36 IST" name="fun2" finished-at="2023-03-01T21:43:36 IST" duration-ms="3" status="PASS">
          <reporter-output>
          </reporter-output>
        </test-method> <!-- fun2 -->
        <test-method is-config="true" signature="afterTest()[pri:0, instance:annotationtest.AnnotationTest1@49e53c76]" started-at="2023-03-01T21:43:36 IST" name="afterTest" finished-at="2023-03-01T21:43:36 IST" duration-ms="1" status="PASS">
          <reporter-output>
          </reporter-output>
        </test-method> <!-- afterTest -->
      </class> <!-- annotationtest.AnnotationTest1 -->
    </test> <!-- TestAnnotations -->
  </suite> <!-- Suite -->
</testng-results>
