<?xml version="1.0" encoding="UTF-8"?>
<testng-results ignored="1" total="4" passed="3" failed="0" skipped="0">
  <reporter-output>
  </reporter-output>
  <suite started-at="2023-02-26T14:59:15 IST" name="Suite" finished-at="2023-02-26T14:59:24 IST" duration-ms="9765">
    <groups>
    </groups>
    <test started-at="2023-02-26T14:59:15 IST" name="loginfunctionalitytest" finished-at="2023-02-26T14:59:24 IST" duration-ms="9765">
      <class name="com.tng.Tests.FaceboolLoginTest">
        <test-method signature="launchFbApp()[pri:0, instance:com.tng.Tests.FaceboolLoginTest@36bc55de]" started-at="2023-02-26T14:59:15 IST" name="launchFbApp" finished-at="2023-02-26T14:59:19 IST" duration-ms="4600" status="PASS">
          <reporter-output>
          </reporter-output>
        </test-method> <!-- launchFbApp -->
        <test-method signature="testFacebookLogin()[pri:0, instance:com.tng.Tests.FaceboolLoginTest@36bc55de]" started-at="2023-02-26T14:59:19 IST" name="testFacebookLogin" finished-at="2023-02-26T14:59:24 IST" duration-ms="5044" status="PASS">
          <reporter-output>
          </reporter-output>
        </test-method> <!-- testFacebookLogin -->
        <test-method signature="warningPopUp()[pri:0, instance:com.tng.Tests.FaceboolLoginTest@36bc55de]" started-at="2023-02-26T14:59:24 IST" name="warningPopUp" finished-at="2023-02-26T14:59:24 IST" duration-ms="58" status="PASS">
          <reporter-output>
          </reporter-output>
        </test-method> <!-- warningPopUp -->
      </class> <!-- com.tng.Tests.FaceboolLoginTest -->
    </test> <!-- loginfunctionalitytest -->
  </suite> <!-- Suite -->
</testng-results>
